<?xml version="1.0" encoding="UTF-8"?>
<testsuite xmlns:xsi="http://www.w3.org/2001/XMLSchema-instance" xsi:noNamespaceSchemaLocation="https://maven.apache.org/surefire/maven-surefire-plugin/xsd/surefire-test-report.xsd" version="3.0.2" name="lipid.ElutionOrderTest" time="0.575" tests="6" errors="0" skipped="0" failures="0">
  <properties>
[...]
</properties>
  <testcase name="score1BasedOnRTCarbonNumbers" classname="lipid.ElutionOrderTest" time="0.483">
    <system-out><![CDATA[2025-05-15 18:16:42,814 [main] INFO  Creating RuleUnit
2025-05-15 18:16:43,034 [main] INFO  Insert data
2025-05-15 18:16:43,038 [main] INFO  Run query. Rules are also fired
]]></system-out>
  </testcase>
  <testcase name="negativeScoreBasedOnRTNumberOfCarbons" classname="lipid.ElutionOrderTest" time="0.001">
    <system-out><![CDATA[2025-05-15 18:16:43,061 [main] INFO  Creating RuleUnit
2025-05-15 18:16:43,062 [main] INFO  Insert data
2025-05-15 18:16:43,063 [main] INFO  Run query. Rules are also fired
]]></system-out>
  </testcase>
  <testcase name="negativeScoreBasedOnRTDoubleBonds" classname="lipid.ElutionOrderTest" time="0.003">
    <system-out><![CDATA[2025-05-15 18:16:43,065 [main] INFO  Creating RuleUnit
2025-05-15 18:16:43,066 [main] INFO  Insert data
2025-05-15 18:16:43,066 [main] INFO  Run query. Rules are also fired
]]></system-out>
  </testcase>
  <testcase name="score1BasedOnRTDoubleBonds" classname="lipid.ElutionOrderTest" time="0.006">
    <system-out><![CDATA[2025-05-15 18:16:43,068 [main] INFO  Creating RuleUnit
2025-05-15 18:16:43,070 [main] INFO  Insert data
2025-05-15 18:16:43,070 [main] INFO  Run query. Rules are also fired
Número de reglas disparadas: 0
2025-05-15 18:16:43,072 [main] INFO  Número de reglas disparadas: 0
]]></system-out>
  </testcase>
  <testcase name="negativeScoreBasedOnLipidType" classname="lipid.ElutionOrderTest" time="0.003">
    <system-out><![CDATA[2025-05-15 18:16:43,074 [main] INFO  Creating RuleUnit
2025-05-15 18:16:43,075 [main] INFO  Insert data
2025-05-15 18:16:43,075 [main] INFO  Run query. Rules are also fired
]]></system-out>
  </testcase>
  <testcase name="score1BasedOnLipidType" classname="lipid.ElutionOrderTest" time="0.003">
    <system-out><![CDATA[2025-05-15 18:16:43,078 [main] INFO  Creating RuleUnit
2025-05-15 18:16:43,079 [main] INFO  Insert data
2025-05-15 18:16:43,079 [main] INFO  Run query. Rules are also fired
]]></system-out>
  </testcase>
</testsuite>