<?xml version="1.0" encoding="UTF-8"?>
<testsuite xmlns:xsi="http://www.w3.org/2001/XMLSchema-instance" xsi:noNamespaceSchemaLocation="https://maven.apache.org/surefire/maven-surefire-plugin/xsd/surefire-test-report.xsd" version="3.0.2" name="lipid.AdductDetectionTest" time="0.002" tests="6" errors="0" skipped="0" failures="0">
  <properties>
[...]
</properties>
  <testcase name="shouldDetectNegativeAdductBasedOnMzDifference" classname="lipid.AdductDetectionTest" time="0.0">
    <system-out><![CDATA[[M-H]-
]]></system-out>
  </testcase>
  <testcase name="shouldDetectDoublyChargedAdduct" classname="lipid.AdductDetectionTest" time="0.001">
    <system-out><![CDATA[[M+H]+
]]></system-out>
  </testcase>
  <testcase name="shouldDetectAdductBasedOnMzDifference" classname="lipid.AdductDetectionTest" time="0.0">
    <system-out><![CDATA[[M+H]+
]]></system-out>
  </testcase>
  <testcase name="shouldDetectLossOfWaterAdduct" classname="lipid.AdductDetectionTest" time="0.001">
    <system-out><![CDATA[[M+H]+
]]></system-out>
  </testcase>
  <testcase name="shouldDetectDimerAdductAmongNegativeOptions" classname="lipid.AdductDetectionTest" time="0.0"/>
  <testcase name="shouldDetectDimerizationAndBaseMonomer" classname="lipid.AdductDetectionTest" time="0.0"/>
</testsuite>